{
  "0 debug pnpm:scope": {
    "selected": 1
  },
  "1 error pnpm": {
    "errno": 1,
    "code": "ELIFECYCLE",
    "pkgid": "@triptyk/nfw@2.0.0",
    "stage": "start:dev",
    "script": "node --loader ts-node/esm ./src/application.ts",
    "pkgname": "@triptyk/nfw",
    "err": {
      "name": "pnpm",
      "message": "@triptyk/nfw@2.0.0 start:dev: `node --loader ts-node/esm ./src/application.ts`\nExit status 1",
      "code": "ELIFECYCLE",
      "stack": "pnpm: @triptyk/nfw@2.0.0 start:dev: `node --loader ts-node/esm ./src/application.ts`\nExit status 1\n    at EventEmitter.<anonymous> (/home/dramixdw/.nvm/versions/node/v14.0.0/lib/node_modules/pnpm/dist/pnpm.cjs:105183:20)\n    at EventEmitter.emit (events.js:315:20)\n    at ChildProcess.<anonymous> (/home/dramixdw/.nvm/versions/node/v14.0.0/lib/node_modules/pnpm/dist/pnpm.cjs:93172:18)\n    at ChildProcess.emit (events.js:315:20)\n    at maybeClose (internal/child_process.js:1051:16)\n    at Process.ChildProcess._handle.onexit (internal/child_process.js:287:5)"
    }
  },
  "2 warn pnpm:global": " Local package.json exists, but node_modules missing, did you mean to install?"
}