Arguments: 
  /home/dramix/.volta/tools/image/node/14.18.0/bin/node /home/dramix/.volta/tools/image/yarn/1.22.15/bin/yarn.js add --dev mikro-orm mariadb

PATH: 
  /home/dramix/.volta/tools/image/yarn/1.22.15/bin:/home/dramix/.volta/tools/image/node/14.18.0/bin:/home/dramix/.volta/bin:/usr/local/sbin:/usr/local/bin:/usr/bin:/var/lib/flatpak/exports/bin:/usr/lib/jvm/default/bin:/usr/bin/site_perl:/usr/bin/vendor_perl:/usr/bin/core_perl

Yarn version: 
  1.22.15

Node version: 
  14.18.0

Platform: 
  linux x64

Trace: 
  Error: EEXIST: file already exists, mkdir '/home/dramix/proj/nfw/node_modules/eslint-module-utils/node_modules'

npm manifest: 
  {
    "name": "@triptyk/nfw",
    "version": "2.0.0",
    "description": "![alt text](https://repository-images.githubusercontent.com/166414581/dc0a1b80-a1a0-11e9-805b-cf8be46b5507)",
    "main": "dist/index.js",
    "scripts": {
      "test": "echo \"Error: no test specified\" && exit 1",
      "lint": "eslint ./src/**/*.ts",
      "start": "",
      "start:dev": "node --loader ts-node/esm ./src/application.ts",
      "clean": "npx mikro-orm schema:drop && npx mikro-orm schema:sync && pnpm start:dev"
    },
    "type": "module",
    "repository": {
      "type": "git",
      "url": "git+https://github.com/TRIPTYK/nfw.git"
    },
    "author": "",
    "license": "ISC",
    "bugs": {
      "url": "https://github.com/TRIPTYK/nfw/issues"
    },
    "dependencies": {
      "@casl/ability": "^5.4.3",
      "@mikro-orm/core": "^4.5.9",
      "@mikro-orm/mysql": "^4.5.9",
      "@triptyk/nfw-core": "../nfw-core/",
      "@types/bcrypt": "^5.0.0",
      "bcrypt": "^5.0.1",
      "http-errors": "^1.8.0",
      "joi": "^17.4.2",
      "json-api-serializer": "^2.6.6",
      "jwt-simple": "^0.5.6",
      "koa-bodyparser": "^4.3.0",
      "typescript": "^4.4.4",
      "uuid": "^8.3.2"
    },
    "homepage": "https://github.com/TRIPTYK/nfw#readme",
    "devDependencies": {
      "@types/http-errors": "^1.8.1",
      "@types/json-api-serializer": "^2.6.3",
      "@types/koa": "^2.13.4",
      "@types/koa-bodyparser": "^4.3.3",
      "@types/koa-ratelimit": "^4.2.3",
      "@types/koa__router": "^8.0.8",
      "@types/node": "^16.11.4",
      "@typescript-eslint/eslint-plugin": "^5.1.0",
      "@typescript-eslint/parser": "^5.1.0",
      "eslint": "^7.32.0",
      "eslint-config-standard": "^16.0.3",
      "eslint-plugin-import": "^2.25.2",
      "eslint-plugin-node": "^11.1.0",
      "eslint-plugin-promise": "^5.1.1",
      "eslint-plugin-unused-imports": "^1.1.5",
      "koa-ratelimit": "^5.0.1",
      "ts-node": "^10.4.0",
      "ts-node-dev": "^1.1.8"
    }
  }

yarn manifest: 
  No manifest

Lockfile: 
  No lockfile
